<?xml version="1.0" encoding="UTF-8"?>
<!-- Generated by org.testng.reporters.JUnitXMLReporter -->
<testsuite hostname="DESKTOP-LESN69K" ignored="1" name="Test2" tests="1" failures="0" timestamp="2022-03-24T15:35:44 IST" time="3.682" errors="0">
  <testcase name="@BeforeTest inti" time="3.626" classname="Testng.testing.ParameterBased">
    <failure type="io.github.bonigarcia.wdm.WebDriverManagerException" message="java.util.NoSuchElementException">
      <![CDATA[io.github.bonigarcia.wdm.WebDriverManagerException: java.util.NoSuchElementException
at io.github.bonigarcia.wdm.WebDriverManager.handleException(WebDriverManager.java:776)
at io.github.bonigarcia.wdm.WebDriverManager.manage(WebDriverManager.java:550)
at io.github.bonigarcia.wdm.WebDriverManager.handleException(WebDriverManager.java:773)
at io.github.bonigarcia.wdm.WebDriverManager.manage(WebDriverManager.java:550)
at io.github.bonigarcia.wdm.WebDriverManager.handleException(WebDriverManager.java:766)
at io.github.bonigarcia.wdm.WebDriverManager.manage(WebDriverManager.java:550)
at io.github.bonigarcia.wdm.WebDriverManager.setup(WebDriverManager.java:260)
at Testng.testing.ParameterBased.inti(ParameterBased.java:24)
Caused by: java.util.NoSuchElementException
at java.util.ArrayList$Itr.next(Unknown Source)
at io.github.bonigarcia.wdm.EdgeDriverManager.checkLatest(EdgeDriverManager.java:179)
at io.github.bonigarcia.wdm.WebDriverManager.filterCandidateUrls(WebDriverManager.java:799)
at io.github.bonigarcia.wdm.WebDriverManager.downloadAndExport(WebDriverManager.java:568)
at io.github.bonigarcia.wdm.WebDriverManager.manage(WebDriverManager.java:547)
... 30 more
... Removed 24 stack frames]]>
    </failure>
  </testcase> <!-- @BeforeTest inti -->
  <testcase name="@AfterTest closing" time="-1.648116344728E9" classname="Testng.testing.ParameterBased">
    <skipped/>
  </testcase> <!-- @AfterTest closing -->
  <testcase name="test2" time="0.0" classname="Testng.testing.ParameterBased">
    <skipped/>
  </testcase> <!-- test2 -->
  <testcase name="test1" time="0.0" classname="Testng.testing.ParameterBased">
    <ignored/>
  </testcase> <!-- test1 -->
</testsuite> <!-- Test2 -->
