<?xml version="1.0" encoding="UTF-8"?>
<!-- Generated by org.testng.reporters.JUnitXMLReporter -->
<testsuite hostname="DESKTOP-LESN69K" ignored="1" name="Test1" tests="1" failures="0" timestamp="2022-03-24T15:35:41 IST" time="1.321" errors="0">
  <testcase name="@BeforeTest inti" time="1.23" classname="Testng.testing.ParameterBased">
    <failure type="java.lang.NoClassDefFoundError" message="com/google/common/collect/ImmutableMap">
      <![CDATA[java.lang.NoClassDefFoundError: com/google/common/collect/ImmutableMap
at org.openqa.selenium.remote.service.DriverService$Builder.<init>(DriverService.java:259)
at org.openqa.selenium.chrome.ChromeDriverService$Builder.<init>(ChromeDriverService.java:101)
at org.openqa.selenium.chrome.ChromeDriverService.createDefaultService(ChromeDriverService.java:94)
at org.openqa.selenium.chrome.ChromeDriver.<init>(ChromeDriver.java:123)
at Testng.testing.ParameterBased.inti(ParameterBased.java:22)
Caused by: java.lang.ClassNotFoundException: com.google.common.collect.ImmutableMap
at java.net.URLClassLoader.findClass(Unknown Source)
at java.lang.ClassLoader.loadClass(Unknown Source)
at sun.misc.Launcher$AppClassLoader.loadClass(Unknown Source)
at java.lang.ClassLoader.loadClass(Unknown Source)
... 29 more
... Removed 24 stack frames]]>
    </failure>
  </testcase> <!-- @BeforeTest inti -->
  <testcase name="@AfterTest closing" time="-1.648116341015E9" classname="Testng.testing.ParameterBased">
    <skipped/>
  </testcase> <!-- @AfterTest closing -->
  <testcase name="test1" time="0.0" classname="Testng.testing.ParameterBased">
    <skipped/>
  </testcase> <!-- test1 -->
  <testcase name="test2" time="0.0" classname="Testng.testing.ParameterBased">
    <ignored/>
  </testcase> <!-- test2 -->
</testsuite> <!-- Test1 -->
